Case #1: [E, A]
Case #2: [R, I, R]
Case #3: [F, D, T]
Case #4: [Z, E, R, A]
Case #5: []
Case #6: [E, F, S, Z, F, E, E, S, F]
Case #7: [Y, Q, S, S, F, Y, F, F]
Case #8: [Z, Z, Z, Z, Z]
Case #9: [I, D, S, A, W, D, F, E, S]
Case #10: [A, R, A, H, E, E, A]
Case #11: [D, Y, S, S, S, S, D, R, E]
Case #12: [H, R, D, Q, E, Q, R, F, S]
Case #13: [A, R, I, Q, A, S, F, Q, F]
Case #14: [A, R, S, Q, R, W, W, E, O]
Case #15: [F, W, S, F, A, O, A, W, F]
Case #16: [D, O, W, W, E, R, D, O]
Case #17: [Q, Z, S, A, W, R, R, S, E]
Case #18: [F, D, E, C, W, D, R, R, W]
Case #19: [A, S, A, R, E, D, D, C, S]
Case #20: [C, Q, A, E, R, E, D, W, A]
Case #21: []
Case #22: [A, Q, S, Q, W, F, W, H, Q]
Case #23: []
Case #24: [F]
Case #25: [S, E, D, T, Q, A, D]
Case #26: [E, D]
Case #27: [E, R, W, A, F, X, W, R, A]
Case #28: [U, W, R, R, W, S, U, R]
Case #29: [D, R, P, P, S]
Case #30: [R, Q, M]
Case #31: [S, R, Q, A, W, W, R, C, E]
Case #32: [A, E, R, F, A, O, A, W, F]
Case #33: [S, F, Q]
Case #34: []
Case #35: [E, R, Q, Q, R, S, X, F, R]
Case #36: [D, W]
Case #37: [S, A, S, E, A, A, O, D, S]
Case #38: [Q]
Case #39: [E, K]
Case #40: [R, W, Q]
Case #41: [Y, Q, S, Q]
Case #42: [F, W, R, R, E, I, A, E, A]
Case #43: [I]
Case #44: [W, E, S, S, S, J, E, R, W]
Case #45: [S, F, A, R, Q, E, G, Q, E]
Case #46: [A, J, R, W, E, S, R, S, D]
Case #47: [D, D, V, E, Q, W, R, R, D]
Case #48: [A, Q, S, W, E, U, W, A, A]
Case #49: [Q, S, D]
Case #50: [F, Q, R, F, W, Q, C, S, A]
Case #51: [F, W, D, N, F, W, E, D, Q]
Case #52: [E, E, O]
Case #53: [Q, W, F, S]
Case #54: [D, Q, O, F, E, O, R, R]
Case #55: [E, E, Y, Y, R, R, R, S]
Case #56: [G, E]
Case #57: [W, S, D, F, D, W, Q]
Case #58: [A, A, A, A, A, A, A, A, A, A]
Case #59: [F]
Case #60: [E, A]
Case #61: [F, D, W, W, W, R, C, W, E]
Case #62: [R, R, W, B, Q, D, S, Q, E]
Case #63: [E, E, W]
Case #64: [A, Q]
Case #65: [B, F, A, W, Q, Q, S]
Case #66: [R, A, Q, S, R, Y, R, R, R]
Case #67: [E, Q, F, E, D, F, W, P, Q]
Case #68: [D, E, A, F, D, E, A, R, S]
Case #69: [W, I, W, F, Q, F, R, W, F]
Case #70: [F, S, D, D, E]
Case #71: [A, S, A, R, Q, E, A, P, F]
Case #72: [Q, S, S, R, W, O, Q, W, S]
Case #73: [D, B]
Case #74: [F, R, E, S, S, A, X, F, F]
Case #75: [S, A, F, C, R, S, F, C]
Case #76: [W, S, F]
Case #77: [H, A, Q, D, W]
Case #78: [S, R, A, Q, S, R, O, R, S]
Case #79: [Q, C, C, F, A, S, C]
Case #80: [F, S, F, K]
Case #81: [E, F, S, Q, R, B, Q, R, A]
Case #82: [F, S, R, A, F]
Case #83: [Q, Q, W, E, R, G, D, F, S]
Case #84: [A, W, A, R, E, N, E, S, S]
Case #85: [J, E, W, F, E, E, W, J]
Case #86: [D, R, W, A, A, S, W, C, F]
Case #87: [R, L, S, S, F, Q, E, Q, A]
Case #88: [S, D, F, E]
Case #89: [E, D, U, R, S, A, U, Q]
Case #90: [E, H, D, A, A, Q, D, Q, D]
Case #91: [U, F, A, E, Q, D, S, F, A]
Case #92: [F, N, F, N, S, E, R, Q]
Case #93: [N, A, Q, S]
Case #94: [W, S, U, F, R, E, R, A, S]
Case #95: [Q, A, R, Q, E, D, D, A, K]
Case #96: []
Case #97: [D, R, Q, W, R, E, U, D, Q]
Case #98: [R, F, D, J, Q, R, Q, W, R]
Case #99: [T, Q, W]
Case #100: []
